Build started 1/7/2011 4:43:06 PM.
     1>Project "C:\Users\Nick and Christine\Desktop\NicksPix\root\projects\MyPixels.vcxproj" on node 2 (build target(s)).
     1>c:\Windows\Microsoft.NET\Framework\v4.0.30319\Microsoft.Common.Targets(1200,9): warning : The referenced project '..\projects\PixelToaster.vcxproj' does not exist.
     1>C:\Program Files (x86)\MSBuild\Microsoft.Cpp\v4.0\Microsoft.CppBuild.targets(299,5): warning MSB8004: Output Directory does not end with a trailing slash.  This build instance will add the slash as it is required to allow proper evaluation of the Output Directory.
     1>InitializeBuildStatus:
         Creating "Debug\MyPixels.unsuccessfulbuild" because "AlwaysCreate" was specified.
       ClCompile:
         All outputs are up-to-date.
       ResourceCompile:
         All outputs are up-to-date.
       ManifestResourceCompile:
         All outputs are up-to-date.
       Link:
         All outputs are up-to-date.
       Manifest:
         All outputs are up-to-date.
       PostBuildEvent:
         Description: This will copy the MyPixels.exe to the respective bin folder
         copy .\Debug\MyPixels.exe ..\bins\Debug
         :VCEnd
                 1 file(s) copied.
       FinalizeBuildStatus:
         Deleting file "Debug\MyPixels.unsuccessfulbuild".
         Touching "Debug\MyPixels.lastbuildstate".
     1>Done Building Project "C:\Users\Nick and Christine\Desktop\NicksPix\root\projects\MyPixels.vcxproj" (build target(s)).

Build succeeded.

Time Elapsed 00:00:00.28
