.\Release\MyPixels.pdb
C:\Users\Nick and Christine\Desktop\NicksPix\root\projects\.\Release\MyPixels.exe
C:\Users\Nick and Christine\Desktop\NicksPix\root\projects\.\Release\MyPixels.exe.intermediate.manifest
C:\USERS\NICK AND CHRISTINE\DESKTOP\NICKSPIX\ROOT\PROJECTS\RELEASE\MYPIXELS.EXE
C:\USERS\NICK AND CHRISTINE\DESKTOP\NICKSPIX\ROOT\PROJECTS\RELEASE\MYPIXELS.PDB
C:\USERS\NICK AND CHRISTINE\DESKTOP\NICKSPIX\ROOT\SRC\CAMERA.OBJ
C:\Users\Nick and Christine\Desktop\NicksPix\root\src\cl.command.1.tlog
C:\Users\Nick and Christine\Desktop\NicksPix\root\src\CL.read.1.tlog
C:\Users\Nick and Christine\Desktop\NicksPix\root\src\CL.write.1.tlog
C:\USERS\NICK AND CHRISTINE\DESKTOP\NICKSPIX\ROOT\SRC\CLIPPER.OBJ
C:\USERS\NICK AND CHRISTINE\DESKTOP\NICKSPIX\ROOT\SRC\COBJECT.OBJ
C:\USERS\NICK AND CHRISTINE\DESKTOP\NICKSPIX\ROOT\SRC\COLOR.OBJ
C:\USERS\NICK AND CHRISTINE\DESKTOP\NICKSPIX\ROOT\SRC\EDGE.OBJ
C:\USERS\NICK AND CHRISTINE\DESKTOP\NICKSPIX\ROOT\SRC\GOBJECT.OBJ
C:\USERS\NICK AND CHRISTINE\DESKTOP\NICKSPIX\ROOT\SRC\GRADIENTS.OBJ
C:\Users\Nick and Christine\Desktop\NicksPix\root\src\link.command.1.tlog
C:\Users\Nick and Christine\Desktop\NicksPix\root\src\link.read.1.tlog
C:\Users\Nick and Christine\Desktop\NicksPix\root\src\link.write.1.tlog
C:\Users\Nick and Christine\Desktop\NicksPix\root\src\link-cvtres.read.1.tlog
C:\Users\Nick and Christine\Desktop\NicksPix\root\src\link-cvtres.write.1.tlog
C:\USERS\NICK AND CHRISTINE\DESKTOP\NICKSPIX\ROOT\SRC\MATRIX4X4.OBJ
C:\Users\Nick and Christine\Desktop\NicksPix\root\src\mt.command.1.tlog
C:\Users\Nick and Christine\Desktop\NicksPix\root\src\mt.read.1.tlog
C:\Users\Nick and Christine\Desktop\NicksPix\root\src\mt.write.1.tlog
C:\USERS\NICK AND CHRISTINE\DESKTOP\NICKSPIX\ROOT\SRC\MYPIXELS.EXE.INTERMEDIATE.MANIFEST
C:\USERS\NICK AND CHRISTINE\DESKTOP\NICKSPIX\ROOT\SRC\MYPIXELS.OBJ
C:\Users\Nick and Christine\Desktop\NicksPix\root\src\MyPixels.write.1.tlog
C:\USERS\NICK AND CHRISTINE\DESKTOP\NICKSPIX\ROOT\SRC\NICKSPIX.RES
C:\USERS\NICK AND CHRISTINE\DESKTOP\NICKSPIX\ROOT\SRC\NPOLYGON.OBJ
C:\USERS\NICK AND CHRISTINE\DESKTOP\NICKSPIX\ROOT\SRC\RASTERIZER.OBJ
C:\Users\Nick and Christine\Desktop\NicksPix\root\src\rc.command.1.tlog
C:\Users\Nick and Christine\Desktop\NicksPix\root\src\rc.read.1.tlog
C:\Users\Nick and Christine\Desktop\NicksPix\root\src\rc.write.1.tlog
C:\USERS\NICK AND CHRISTINE\DESKTOP\NICKSPIX\ROOT\SRC\SPAN.OBJ
C:\USERS\NICK AND CHRISTINE\DESKTOP\NICKSPIX\ROOT\SRC\TEXEL.OBJ
C:\USERS\NICK AND CHRISTINE\DESKTOP\NICKSPIX\ROOT\SRC\TEXTEL.OBJ
C:\Users\Nick and Christine\Desktop\NicksPix\root\src\vc100.idb
C:\USERS\NICK AND CHRISTINE\DESKTOP\NICKSPIX\ROOT\SRC\VC100.PDB
C:\USERS\NICK AND CHRISTINE\DESKTOP\NICKSPIX\ROOT\SRC\VECTOR3.OBJ
C:\USERS\NICK AND CHRISTINE\DESKTOP\NICKSPIX\ROOT\SRC\VERTEX.OBJ
C:\USERS\NICK AND CHRISTINE\DESKTOP\NICKSPIX\ROOT\SRC\ZBUFFER.OBJ
C:\USERS\NICK AND CHRISTINE\DESKTOP\ROOT\SRC\VC100.PDB
