Build started 4/17/2011 9:57:24 PM.
     1>Project "C:\Game Theory\NicksPix\root\projects\MyPixels.vcxproj" on node 2 (build target(s)).
     1>c:\Windows\Microsoft.NET\Framework\v4.0.30319\Microsoft.Common.Targets(1200,9): warning : The referenced project '..\projects\PixelToaster.vcxproj' does not exist.
     1>C:\Program Files (x86)\MSBuild\Microsoft.Cpp\v4.0\Microsoft.CppBuild.targets(298,5): warning MSB8004: Intermediate Directory does not end with a trailing slash.  This build instance will add the slash as it is required to allow proper evaluation of the Intermediate Directory.
     1>C:\Program Files (x86)\MSBuild\Microsoft.Cpp\v4.0\Microsoft.CppBuild.targets(299,5): warning MSB8004: Output Directory does not end with a trailing slash.  This build instance will add the slash as it is required to allow proper evaluation of the Output Directory.
     1>InitializeBuildStatus:
         Creating "..\src\MyPixels.unsuccessfulbuild" because "AlwaysCreate" was specified.
       ClCompile:
         All outputs are up-to-date.
         c:\Program Files (x86)\Microsoft Visual Studio 10.0\VC\bin\CL.exe /c /Zi /nologo /W3 /WX- /O2 /Oi /Oy- /GL /D WIN32 /D NDEBUG /D _CONSOLE /D _UNICODE /D UNICODE /Gm- /EHsc /MT /GS /Gy /fp:precise /Zc:wchar_t /Zc:forScope /Fo"..\src\\" /Fd"..\src\vc100.pdb" /Gd /TP /analyze- /errorReport:prompt ..\src\Camera.cpp ..\src\Clipper.cpp ..\src\CObject.cpp ..\src\Color.cpp ..\src\Edge.cpp ..\src\GObject.cpp ..\src\Gradients.cpp ..\src\Matrix4x4.cpp ..\src\MyPixels.cpp ..\src\NPolygon.cpp ..\src\Rasterizer.cpp ..\src\Span.cpp ..\src\Texel.cpp ..\src\Vertex.cpp ..\src\ZBuffer.cpp
         Camera.cpp
     1>..\src\Camera.cpp(189): warning C4305: 'initializing' : truncation from 'double' to 'float'
     1>..\src\Camera.cpp(301): warning C4244: '=' : conversion from 'double' to 'float', possible loss of data
     1>..\src\Camera.cpp(306): warning C4244: '=' : conversion from 'double' to 'float', possible loss of data
     1>..\src\Camera.cpp(311): warning C4244: '=' : conversion from 'double' to 'float', possible loss of data
     1>..\src\Camera.cpp(316): warning C4244: '=' : conversion from 'double' to 'float', possible loss of data
         Clipper.cpp
         CObject.cpp
         Color.cpp
         Edge.cpp
         GObject.cpp
     1>..\src\GObject.cpp(151): warning C4244: 'argument' : conversion from 'float' to 'int', possible loss of data
     1>..\src\GObject.cpp(283): warning C4305: '+=' : truncation from 'double' to 'float'
     1>..\src\GObject.cpp(284): warning C4305: '+=' : truncation from 'double' to 'float'
     1>..\src\GObject.cpp(285): warning C4305: '+=' : truncation from 'double' to 'float'
     1>..\src\GObject.cpp(291): warning C4305: '-=' : truncation from 'double' to 'float'
     1>..\src\GObject.cpp(292): warning C4305: '-=' : truncation from 'double' to 'float'
     1>..\src\GObject.cpp(293): warning C4305: '-=' : truncation from 'double' to 'float'
     1>..\src\GObject.cpp(297): warning C4305: '=' : truncation from 'double' to 'float'
     1>..\src\GObject.cpp(298): warning C4305: '=' : truncation from 'double' to 'float'
     1>..\src\GObject.cpp(299): warning C4305: '=' : truncation from 'double' to 'float'
         Gradients.cpp
         Matrix4x4.cpp
         MyPixels.cpp
     1>..\src\MyPixels.cpp(126): warning C4244: 'initializing' : conversion from 'DWORD' to 'float', possible loss of data
     1>..\src\MyPixels.cpp(142): warning C4244: '=' : conversion from 'DWORD' to 'float', possible loss of data
     1>..\src\MyPixels.cpp(171): warning C4244: 'initializing' : conversion from 'float' to 'int', possible loss of data
     1>..\src\MyPixels.cpp(178): warning C4244: '=' : conversion from 'DWORD' to 'float', possible loss of data
         NPolygon.cpp
     1>..\src\NPolygon.cpp(30): warning C4244: 'argument' : conversion from 'float' to 'int', possible loss of data
     1>..\src\NPolygon.cpp(30): warning C4244: 'argument' : conversion from 'float' to 'int', possible loss of data
     1>..\src\NPolygon.cpp(30): warning C4244: 'argument' : conversion from 'float' to 'int', possible loss of data
     1>..\src\NPolygon.cpp(30): warning C4244: 'argument' : conversion from 'float' to 'int', possible loss of data
         Rasterizer.cpp
     1>..\src\Rasterizer.cpp(118): warning C4244: 'initializing' : conversion from 'const float' to 'int', possible loss of data
     1>..\src\Rasterizer.cpp(320): warning C4244: '=' : conversion from 'float' to 'unsigned short', possible loss of data
     1>..\src\Rasterizer.cpp(373): warning C4244: 'initializing' : conversion from 'int' to 'float', possible loss of data
         Span.cpp
     1>..\src\Span.cpp(9): warning C4244: '=' : conversion from 'int' to 'float', possible loss of data
     1>..\src\Span.cpp(15): warning C4244: '=' : conversion from 'int' to 'float', possible loss of data
     1>..\src\Span.cpp(24): warning C4244: '=' : conversion from 'int' to 'float', possible loss of data
     1>..\src\Span.cpp(30): warning C4244: '=' : conversion from 'int' to 'float', possible loss of data
         Texel.cpp
     1>..\src\Texel.cpp(74): warning C4244: 'initializing' : conversion from 'float' to 'int', possible loss of data
     1>..\src\Texel.cpp(75): warning C4244: 'initializing' : conversion from 'float' to 'int', possible loss of data
         Vertex.cpp
         ZBuffer.cpp
       ResourceCompile:
         All outputs are up-to-date.
       Link:
         c:\Program Files (x86)\Microsoft Visual Studio 10.0\VC\bin\link.exe /ERRORREPORT:PROMPT /OUT:".\Release\MyPixels.exe" /NOLOGO Pixeltoaster.lib kernel32.lib user32.lib gdi32.lib winspool.lib comdlg32.lib advapi32.lib shell32.lib ole32.lib oleaut32.lib uuid.lib odbc32.lib odbccp32.lib kernel32.lib user32.lib gdi32.lib winspool.lib comdlg32.lib advapi32.lib shell32.lib ole32.lib oleaut32.lib uuid.lib odbc32.lib odbccp32.lib /MANIFEST /ManifestFile:"..\src\MyPixels.exe.intermediate.manifest" /MANIFESTUAC:"level='asInvoker' uiAccess='false'" /DEBUG /PDB:"C:\Game Theory\NicksPix\root\projects\Release\MyPixels.pdb" /SUBSYSTEM:CONSOLE /LTCG /TLBID:1 /DYNAMICBASE /NXCOMPAT /IMPLIB:".\Release\MyPixels.lib" /MACHINE:X86 ..\src\NicksPix.res
         ..\src\Camera.obj
         ..\src\Clipper.obj
         ..\src\CObject.obj
         ..\src\Color.obj
         ..\src\Edge.obj
         ..\src\GObject.obj
         ..\src\Gradients.obj
         ..\src\Matrix4x4.obj
         ..\src\MyPixels.obj
         ..\src\NPolygon.obj
         ..\src\Rasterizer.obj
         ..\src\Span.obj
         ..\src\Texel.obj
         ..\src\Vertex.obj
         ..\src\ZBuffer.obj
         Generating code
         Finished generating code
         MyPixels.vcxproj -> C:\Game Theory\NicksPix\root\projects\.\Release\MyPixels.exe
       Manifest:
         c:\Program Files (x86)\Microsoft SDKs\Windows\v7.0A\bin\mt.exe /nologo /verbose /outputresource:".\Release\MyPixels.exe;#1" /manifest ..\src\MyPixels.exe.intermediate.manifest
       PostBuildEvent:
         Description: This will copy the MyPixels.exe to the respective folder
         copy  .\Release\mypixels.exe  ..\bins\Release\
         :VCEnd
                 1 file(s) copied.
       FinalizeBuildStatus:
         Deleting file "..\src\MyPixels.unsuccessfulbuild".
         Touching "..\src\MyPixels.lastbuildstate".
     1>Done Building Project "C:\Game Theory\NicksPix\root\projects\MyPixels.vcxproj" (build target(s)).

Build succeeded.

Time Elapsed 00:00:10.84
