.\Release\MyPixels.pdb
C:\Users\Nick and Christine\Desktop\NicksPix\root\projects\.\Release\MyPixels.exe.intermediate.manifest
C:\USERS\NICK AND CHRISTINE\DESKTOP\NICKSPIX\ROOT\PROJECTS\RELEASE\CAMERA.OBJ
C:\Users\Nick and Christine\Desktop\NicksPix\root\projects\Release\cl.command.1.tlog
C:\Users\Nick and Christine\Desktop\NicksPix\root\projects\Release\CL.read.1.tlog
C:\Users\Nick and Christine\Desktop\NicksPix\root\projects\Release\CL.write.1.tlog
C:\USERS\NICK AND CHRISTINE\DESKTOP\NICKSPIX\ROOT\PROJECTS\RELEASE\CLIPPER.OBJ
C:\USERS\NICK AND CHRISTINE\DESKTOP\NICKSPIX\ROOT\PROJECTS\RELEASE\COBJECT.OBJ
C:\USERS\NICK AND CHRISTINE\DESKTOP\NICKSPIX\ROOT\PROJECTS\RELEASE\COLOR.OBJ
C:\USERS\NICK AND CHRISTINE\DESKTOP\NICKSPIX\ROOT\PROJECTS\RELEASE\EDGE.OBJ
C:\USERS\NICK AND CHRISTINE\DESKTOP\NICKSPIX\ROOT\PROJECTS\RELEASE\GOBJECT.OBJ
C:\Users\Nick and Christine\Desktop\NicksPix\root\projects\Release\link.command.1.tlog
C:\Users\Nick and Christine\Desktop\NicksPix\root\projects\Release\link.read.1.tlog
C:\Users\Nick and Christine\Desktop\NicksPix\root\projects\Release\link.write.1.tlog
C:\Users\Nick and Christine\Desktop\NicksPix\root\projects\Release\link-cvtres.read.1.tlog
C:\Users\Nick and Christine\Desktop\NicksPix\root\projects\Release\link-cvtres.write.1.tlog
C:\USERS\NICK AND CHRISTINE\DESKTOP\NICKSPIX\ROOT\PROJECTS\RELEASE\MATRIX4X4.OBJ
C:\Users\Nick and Christine\Desktop\NicksPix\root\projects\Release\mt.command.1.tlog
C:\Users\Nick and Christine\Desktop\NicksPix\root\projects\Release\mt.read.1.tlog
C:\Users\Nick and Christine\Desktop\NicksPix\root\projects\Release\mt.write.1.tlog
C:\USERS\NICK AND CHRISTINE\DESKTOP\NICKSPIX\ROOT\PROJECTS\RELEASE\MYPIXELS.EXE
C:\Users\Nick and Christine\Desktop\NicksPix\root\projects\Release\MyPixels.exe.intermediate.manifest
C:\USERS\NICK AND CHRISTINE\DESKTOP\NICKSPIX\ROOT\PROJECTS\RELEASE\MYPIXELS.OBJ
C:\Users\Nick and Christine\Desktop\NicksPix\root\projects\Release\MyPixels.pdb
C:\Users\Nick and Christine\Desktop\NicksPix\root\projects\Release\MyPixels.write.1.tlog
C:\USERS\NICK AND CHRISTINE\DESKTOP\NICKSPIX\ROOT\PROJECTS\RELEASE\NICKSPIX.RES
C:\USERS\NICK AND CHRISTINE\DESKTOP\NICKSPIX\ROOT\PROJECTS\RELEASE\NPOLYGON.OBJ
C:\USERS\NICK AND CHRISTINE\DESKTOP\NICKSPIX\ROOT\PROJECTS\RELEASE\RASTERIZER.OBJ
C:\Users\Nick and Christine\Desktop\NicksPix\root\projects\Release\rc.command.1.tlog
C:\Users\Nick and Christine\Desktop\NicksPix\root\projects\Release\rc.read.1.tlog
C:\Users\Nick and Christine\Desktop\NicksPix\root\projects\Release\rc.write.1.tlog
C:\USERS\NICK AND CHRISTINE\DESKTOP\NICKSPIX\ROOT\PROJECTS\RELEASE\SPAN.OBJ
C:\USERS\NICK AND CHRISTINE\DESKTOP\NICKSPIX\ROOT\PROJECTS\RELEASE\VC100.PDB
C:\USERS\NICK AND CHRISTINE\DESKTOP\NICKSPIX\ROOT\PROJECTS\RELEASE\VECTOR3.OBJ
C:\USERS\NICK AND CHRISTINE\DESKTOP\NICKSPIX\ROOT\PROJECTS\RELEASE\VERTEX.OBJ
C:\USERS\NICK AND CHRISTINE\DESKTOP\NICKSPIX\ROOT\PROJECTS\RELEASE\ZBUFFER.OBJ
