Build started 12/1/2010 12:35:31 PM.
     1>Project "C:\Users\Nick and Christine\Desktop\NicksPix\root\projects\MyPixels.vcxproj" on node 2 (build target(s)).
     1>c:\Windows\Microsoft.NET\Framework\v4.0.30319\Microsoft.Common.Targets(1200,9): warning : The referenced project '..\projects\PixelToaster.vcxproj' does not exist.
     1>C:\Program Files (x86)\MSBuild\Microsoft.Cpp\v4.0\Microsoft.CppBuild.targets(299,5): warning MSB8004: Output Directory does not end with a trailing slash.  This build instance will add the slash as it is required to allow proper evaluation of the Output Directory.
     1>InitializeBuildStatus:
         Touching "Release\MyPixels.unsuccessfulbuild".
       ClCompile:
         c:\Program Files (x86)\Microsoft Visual Studio 10.0\VC\bin\CL.exe /c /Zi /nologo /W3 /WX- /O2 /Oi /Oy- /GL /D WIN32 /D NDEBUG /D _CONSOLE /D _UNICODE /D UNICODE /Gm- /EHsc /MD /GS /Gy /fp:precise /Zc:wchar_t /Zc:forScope /Fo"Release\\" /Fd"Release\vc100.pdb" /Gd /TP /analyze- /errorReport:prompt ..\src\Camera.cpp ..\src\GObject.cpp
         Camera.cpp
     1>..\src\Camera.cpp(4): error C2374: 'KEY_W' : redefinition; multiple initialization
                 c:\users\nick and christine\desktop\nickspix\root\src\Keys.h(4) : see declaration of 'KEY_W'
     1>..\src\Camera.cpp(5): error C2374: 'KEY_S' : redefinition; multiple initialization
                 c:\users\nick and christine\desktop\nickspix\root\src\Keys.h(5) : see declaration of 'KEY_S'
     1>..\src\Camera.cpp(6): error C2374: 'KEY_A' : redefinition; multiple initialization
                 c:\users\nick and christine\desktop\nickspix\root\src\Keys.h(6) : see declaration of 'KEY_A'
     1>..\src\Camera.cpp(7): error C2374: 'KEY_D' : redefinition; multiple initialization
                 c:\users\nick and christine\desktop\nickspix\root\src\Keys.h(7) : see declaration of 'KEY_D'
     1>..\src\Camera.cpp(8): error C2374: 'KEY_G' : redefinition; multiple initialization
                 c:\users\nick and christine\desktop\nickspix\root\src\Keys.h(8) : see declaration of 'KEY_G'
     1>..\src\Camera.cpp(9): error C2374: 'KEY_H' : redefinition; multiple initialization
                 c:\users\nick and christine\desktop\nickspix\root\src\Keys.h(9) : see declaration of 'KEY_H'
     1>..\src\Camera.cpp(10): error C2374: 'Key_O' : redefinition; multiple initialization
                 c:\users\nick and christine\desktop\nickspix\root\src\Keys.h(10) : see declaration of 'Key_O'
     1>..\src\Camera.cpp(11): error C2374: 'Key_L' : redefinition; multiple initialization
                 c:\users\nick and christine\desktop\nickspix\root\src\Keys.h(11) : see declaration of 'Key_L'
     1>..\src\Camera.cpp(12): error C2374: 'Key_M' : redefinition; multiple initialization
                 c:\users\nick and christine\desktop\nickspix\root\src\Keys.h(12) : see declaration of 'Key_M'
     1>..\src\Camera.cpp(13): error C2374: 'Key_N' : redefinition; multiple initialization
                 c:\users\nick and christine\desktop\nickspix\root\src\Keys.h(13) : see declaration of 'Key_N'
     1>..\src\Camera.cpp(14): error C2374: 'Key_F' : redefinition; multiple initialization
                 c:\users\nick and christine\desktop\nickspix\root\src\Keys.h(14) : see declaration of 'Key_F'
     1>..\src\Camera.cpp(15): error C2374: 'Key_0' : redefinition; multiple initialization
                 c:\users\nick and christine\desktop\nickspix\root\src\Keys.h(15) : see declaration of 'Key_0'
     1>..\src\Camera.cpp(16): error C2374: 'Key_9' : redefinition; multiple initialization
                 c:\users\nick and christine\desktop\nickspix\root\src\Keys.h(16) : see declaration of 'Key_9'
     1>..\src\Camera.cpp(201): warning C4305: 'initializing' : truncation from 'double' to 'float'
     1>..\src\Camera.cpp(297): warning C4244: '=' : conversion from 'double' to 'float', possible loss of data
     1>..\src\Camera.cpp(302): warning C4244: '=' : conversion from 'double' to 'float', possible loss of data
     1>..\src\Camera.cpp(307): warning C4244: '=' : conversion from 'double' to 'float', possible loss of data
     1>..\src\Camera.cpp(312): warning C4244: '=' : conversion from 'double' to 'float', possible loss of data
         GObject.cpp
     1>..\src\GObject.cpp(216): warning C4305: '+=' : truncation from 'double' to 'float'
     1>..\src\GObject.cpp(217): warning C4305: '+=' : truncation from 'double' to 'float'
     1>..\src\GObject.cpp(218): warning C4305: '+=' : truncation from 'double' to 'float'
     1>..\src\GObject.cpp(223): warning C4305: '-=' : truncation from 'double' to 'float'
     1>..\src\GObject.cpp(224): warning C4305: '-=' : truncation from 'double' to 'float'
     1>..\src\GObject.cpp(225): warning C4305: '-=' : truncation from 'double' to 'float'
     1>..\src\GObject.cpp(229): warning C4305: '=' : truncation from 'double' to 'float'
     1>..\src\GObject.cpp(230): warning C4305: '=' : truncation from 'double' to 'float'
     1>..\src\GObject.cpp(231): warning C4305: '=' : truncation from 'double' to 'float'
     1>Done Building Project "C:\Users\Nick and Christine\Desktop\NicksPix\root\projects\MyPixels.vcxproj" (build target(s)) -- FAILED.

Build FAILED.

Time Elapsed 00:00:01.57
